c:\users\hansl\desktop\c++大作业\code\code\x64\debug\vc143.pdb
c:\users\hansl\desktop\c++大作业\code\code\x64\debug\vc143.idb
c:\users\hansl\desktop\c++大作业\code\code\x64\debug\main.obj
c:\users\hansl\desktop\c++大作业\code\code\x64\debug\chessboard.obj
c:\users\hansl\desktop\c++大作业\code\code\x64\debug\play.obj
c:\users\hansl\desktop\c++大作业\code\x64\debug\code.exe
c:\users\hansl\desktop\c++大作业\code\x64\debug\code.pdb
c:\users\hansl\desktop\c++大作业\code\code\x64\debug\code.ilk
c:\users\hansl\desktop\c++大作业\code\code\x64\debug\chess.obj
c:\users\hansl\desktop\c++大作业\code\code\x64\debug\control.obj
c:\users\hansl\desktop\c++大作业\code\code\x64\debug\filename.obj
c:\users\hansl\desktop\c++大作业\code\code\x64\debug\mouse.obj
c:\users\hansl\desktop\c++大作业\code\code\x64\debug\code.tlog\cl.command.1.tlog
c:\users\hansl\desktop\c++大作业\code\code\x64\debug\code.tlog\cl.items.tlog
c:\users\hansl\desktop\c++大作业\code\code\x64\debug\code.tlog\cl.read.1.tlog
c:\users\hansl\desktop\c++大作业\code\code\x64\debug\code.tlog\cl.write.1.tlog
c:\users\hansl\desktop\c++大作业\code\code\x64\debug\code.tlog\link.command.1.tlog
c:\users\hansl\desktop\c++大作业\code\code\x64\debug\code.tlog\link.read.1.tlog
c:\users\hansl\desktop\c++大作业\code\code\x64\debug\code.tlog\link.secondary.1.tlog
c:\users\hansl\desktop\c++大作业\code\code\x64\debug\code.tlog\link.write.1.tlog
